------------------------------------------------------------------------------------------------------------------------
Exception message  : cdsThisProgram: Type mismatch for field 'EMAILDEVELOPER', expecting: WideString actual: WideMemo
Depending on the error condition, it might be possible to restart the application.
Exception class    : EDatabaseError
Exception address  : 00EC5752
Exception Time     : 2025-03-16 14:45:45.875
------------------------------------------------------------------------------------------------------------------------
Application Name   : StratDB.exe
Application Version: 
Started at         : 2025-03-16 14:40:20.036
Running for        :  5 minutes 25 seconds
Computer Name      : EGLINGTON2
Compiler Version   : 360
------------------------------------------------------------------------------------------------------------------------
IntraWeb Version   : 15.6.1
Multi-session      : False
Content Path       : C:\DevD12\StratDB\Win32\Release\wwwroot\
Session count      : 1
Current Thread ID  : 20924
Application Path   : C:\DevD12\StratDB\Win32\Release\
Active Form        : ISFMain (TISFMain)
Active Form list   : [1] ISFMain (TISFMain)
Form list          : [1] dmUser (TdmUser)
                     [2] dmStrat (TdmStrat)
                     [3] dmDV (TdmDV)
                     [4] dmOpt (TdmOpt)
                     [5] dmStratC (TdmStratC)
                     [6] dmLIP (TdmLIP)
                     [7] dmStratD (TdmStratD)
                     [8] ISFMain (TISFMain)
Browser Name       : Firefox
Browser UserAgent  : Mozilla/5.0 (Windows NT 10.0; Win64; x64; rv:135.0) Gecko/20100101 Firefox/135.0
Session ID         : ib45hiVBQolyVCjlS1pF~i7F870
Last Access        : 2025-03-16 14:45:45.780
Callback           : False
Runtime parameters : 
------------------------------------------------------------------------------------------------------------------------
Client IP address  : 127.0.0.1
Request PathInfo   : /
Request Method     : POST
Request User Agent : Mozilla/5.0 (Windows NT 10.0; Win64; x64; rv:135.0) Gecko/20100101 Firefox/135.0
Cookies Count      : 2
------------------------------------------------------------------------------------------------------------------------
[Stack trace is empty]
------------------------------------------------------------------------------------------------------------------------
