------------------------------------------------------------------------------------------------------------------------
Exception message  : Field 'DEPLATITUDE' must have a value
Depending on the error condition, it might be possible to restart the application.
Exception class    : EDatabaseError
Exception address  : 00EB57E7
Exception Time     : 2025-04-23 11:21:04.837
------------------------------------------------------------------------------------------------------------------------
Application Name   : StratDB.exe
Application Version: 
Started at         : 2025-04-23 11:20:28.063
Running for        :  36 seconds
Computer Name      : EGLINGTON2
Compiler Version   : 360
------------------------------------------------------------------------------------------------------------------------
IntraWeb Version   : 15.6.1
Multi-session      : False
Content Path       : C:\DevD12\StratDB\Win32\Release\wwwroot\
Session count      : 1
Current Thread ID  : 108
Application Path   : C:\DevD12\StratDB\Win32\Release\
Active Form        : ISFDepositDetails (TISFDepositDetails)
Active Form list   : [1] ISFDepositDetails (TISFDepositDetails)
Form list          : [1] dmUser (TdmUser)
                     [2] dmStrat (TdmStrat)
                     [3] dmDV (TdmDV)
                     [4] dmOpt (TdmOpt)
                     [5] dmStratC (TdmStratC)
                     [6] dmLIP (TdmLIP)
                     [7] dmStratD (TdmStratD)
                     [8] ISFMain (TISFMain)
                     [9] ISFDepositDetails (TISFDepositDetails)
Browser Name       : Firefox
Browser UserAgent  : Mozilla/5.0 (Windows NT 10.0; Win64; x64; rv:137.0) Gecko/20100101 Firefox/137.0
Session ID         : P9icDgdq6hz3MeDcSzgzfsajTL4
Last Access        : 2025-04-23 11:21:04.023
Callback           : False
Runtime parameters : 
------------------------------------------------------------------------------------------------------------------------
Client IP address  : 127.0.0.1
Request PathInfo   : /
Request Method     : POST
Request User Agent : Mozilla/5.0 (Windows NT 10.0; Win64; x64; rv:137.0) Gecko/20100101 Firefox/137.0
Cookies Count      : 2
------------------------------------------------------------------------------------------------------------------------
[Stack trace is empty]
------------------------------------------------------------------------------------------------------------------------
