------------------------------------------------------------------------------------------------------------------------
Exception message  : Cannot open file "C:\DevD12\StratDB\Win32\Release\wwwroot\Files\Flexcell\FlxStratDBSedEnvironments.xlsx". The system cannot find the path specified
Depending on the error condition, it might be possible to restart the application.
Exception class    : EFOpenError
Exception address  : 00F71B5F
Exception Time     : 2024-07-29 22:40:57.799
------------------------------------------------------------------------------------------------------------------------
Application Name   : StratDB.exe
Application Version: 
Started at         : 2024-07-29 22:37:59.717
Running for        :  2 minutes 58 seconds
Computer Name      : EGLINGTON2
Compiler Version   : 360
------------------------------------------------------------------------------------------------------------------------
IntraWeb Version   : 15.6.1
Multi-session      : False
Content Path       : C:\DevD12\StratDB\wwwroot\
Session count      : 1
Current Thread ID  : 18060
Application Path   : C:\DevD12\StratDB\Win32\Release\
Active Form        : ISFSedEnv (TISFSedEnv)
Active Form list   : [1] ISFSedEnv (TISFSedEnv)
Form list          : [1] dmUser (TdmUser)
                     [2] dmStrat (TdmStrat)
                     [3] dmDV (TdmDV)
                     [4] dmOpt (TdmOpt)
                     [5] dmStratC (TdmStratC)
                     [6] dmLIP (TdmLIP)
                     [7] dmStratD (TdmStratD)
                     [8] ISFMain (TISFMain)
                     [9] ISFSedEnv (TISFSedEnv)
Browser Name       : Firefox
Browser UserAgent  : Mozilla/5.0 (Windows NT 10.0; Win64; x64; rv:128.0) Gecko/20100101 Firefox/128.0
Session ID         : tffIu-PBgMBf7A5iUGu2JSSJLie
Last Access        : 2024-07-29 22:40:57.199
Callback           : False
Runtime parameters : 
------------------------------------------------------------------------------------------------------------------------
Client IP address  : 127.0.0.1
Request PathInfo   : /
Request Method     : POST
Request User Agent : Mozilla/5.0 (Windows NT 10.0; Win64; x64; rv:128.0) Gecko/20100101 Firefox/128.0
Cookies Count      : 2
------------------------------------------------------------------------------------------------------------------------
[Stack trace is empty]
------------------------------------------------------------------------------------------------------------------------
