------------------------------------------------------------------------------------------------------------------------
Exception message  : qNumTimesUsed: Type mismatch for field 'SOFTWAREID', expecting: WideString actual: String
Depending on the error condition, it might be possible to restart the application.
Exception class    : EOleException
Exception address  : 00D22296
Exception Time     : 2025-03-14 11:46:54.223
------------------------------------------------------------------------------------------------------------------------
Application Name   : StratDB.exe
Application Version: 
Started at         : 2025-03-14 11:46:40.809
Running for        :  13 seconds
Computer Name      : EGLINGTON2
Compiler Version   : 360
------------------------------------------------------------------------------------------------------------------------
IntraWeb Version   : 15.6.1
Multi-session      : False
Content Path       : C:\DevD12\StratDB\Win32\Release\wwwroot\
Session count      : 1
Current Thread ID  : 2420
Application Path   : C:\DevD12\StratDB\Win32\Release\
Active Form        : ISFLogin (TISFLogin)
Active Form list   : [1] ISFLogin (TISFLogin)
Form list          : [1] dmUser (TdmUser)
                     [2] dmStrat (TdmStrat)
                     [3] dmDV (TdmDV)
                     [4] dmOpt (TdmOpt)
                     [5] dmStratC (TdmStratC)
                     [6] dmLIP (TdmLIP)
                     [7] dmStratD (TdmStratD)
                     [8] ISFLogin (TISFLogin)
Browser Name       : Firefox
Browser UserAgent  : Mozilla/5.0 (Windows NT 10.0; Win64; x64; rv:135.0) Gecko/20100101 Firefox/135.0
Session ID         : K7vgvNDWg6Ktt85iPGebRHIX6vG
Last Access        : 2025-03-14 11:46:53.370
Callback           : False
Runtime parameters : 
------------------------------------------------------------------------------------------------------------------------
Client IP address  : 127.0.0.1
Request PathInfo   : /
Request Method     : POST
Request User Agent : Mozilla/5.0 (Windows NT 10.0; Win64; x64; rv:135.0) Gecko/20100101 Firefox/135.0
Cookies Count      : 1
------------------------------------------------------------------------------------------------------------------------
[Stack trace is empty]
------------------------------------------------------------------------------------------------------------------------
