------------------------------------------------------------------------------------------------------------------------
Exception message  : Access violation at address 019549B5 in module 'StratDB.exe'. Read of address 000000C0
Depending on the error condition, it might be possible to restart the application.
Exception class    : EAccessViolation
Exception address  : 019549B5
Exception Time     : 2025-03-13 15:32:28.753
------------------------------------------------------------------------------------------------------------------------
Application Name   : StratDB.exe
Application Version: 
Started at         : 2025-03-13 15:32:20.519
Running for        :  8 seconds
Computer Name      : EGLINGTON2
Compiler Version   : 360
------------------------------------------------------------------------------------------------------------------------
IntraWeb Version   : 15.6.1
Multi-session      : False
Content Path       : C:\DevD12\StratDB\Win32\Release\wwwroot\
Session count      : 1
Current Thread ID  : 8856
Application Path   : C:\DevD12\StratDB\Win32\Release\
Active Form        : [unassigned]
Active Form list   :
Form list          : [1] dmUser (TdmUser)
                     [2] dmStrat (TdmStrat)
Browser Name       : Firefox
Browser UserAgent  : Mozilla/5.0 (Windows NT 10.0; Win64; x64; rv:135.0) Gecko/20100101 Firefox/135.0
Session ID         : aKrWBmlrckpJXpniM9vhuJ60ppu
Last Access        : 2025-03-13 15:32:27.284
Callback           : False
Runtime parameters : 
------------------------------------------------------------------------------------------------------------------------
Client IP address  : 127.0.0.1
Request PathInfo   : /
Request Method     : POST
Request User Agent : Mozilla/5.0 (Windows NT 10.0; Win64; x64; rv:135.0) Gecko/20100101 Firefox/135.0
Cookies Count      : 0
------------------------------------------------------------------------------------------------------------------------
[Stack trace is empty]
------------------------------------------------------------------------------------------------------------------------
