------------------------------------------------------------------------------------------------------------------------
Exception message  : Unsuccessful execution caused by a system error that precludes successful execution of subsequent statements.Your user name and password are not defined. Ask your database administrator to set up a Firebird login
Depending on the error condition, it might be possible to restart the application.
Exception class    : EOleException
Exception address  : 00E12356
Exception Time     : 2025-04-07 14:40:01.526
------------------------------------------------------------------------------------------------------------------------
Application Name   : StratDB.exe
Application Version: 
Started at         : 2025-04-07 14:39:42.215
Running for        :  19 seconds
Computer Name      : EGLINGTON2
Compiler Version   : 360
------------------------------------------------------------------------------------------------------------------------
IntraWeb Version   : 15.6.1
Multi-session      : False
Content Path       : C:\DevD12\StratDB\Win32\Release\wwwroot\
Session count      : 1
Current Thread ID  : 23296
Application Path   : C:\DevD12\StratDB\Win32\Release\
Active Form        : ISFLogin (TISFLogin)
Active Form list   : [1] ISFLogin (TISFLogin)
Form list          : [1] dmUser (TdmUser)
                     [2] dmStrat (TdmStrat)
                     [3] dmDV (TdmDV)
                     [4] dmOpt (TdmOpt)
                     [5] dmStratC (TdmStratC)
                     [6] dmLIP (TdmLIP)
                     [7] dmStratD (TdmStratD)
                     [8] ISFLogin (TISFLogin)
Browser Name       : Firefox
Browser UserAgent  : Mozilla/5.0 (Windows NT 10.0; Win64; x64; rv:136.0) Gecko/20100101 Firefox/136.0
Session ID         : 72GPhdulQIiI7h1gP9k7ne4Ayfu
Last Access        : 2025-04-07 14:40:01.170
Callback           : False
Runtime parameters : 
------------------------------------------------------------------------------------------------------------------------
Client IP address  : 127.0.0.1
Request PathInfo   : /
Request Method     : POST
Request User Agent : Mozilla/5.0 (Windows NT 10.0; Win64; x64; rv:136.0) Gecko/20100101 Firefox/136.0
Cookies Count      : 2
------------------------------------------------------------------------------------------------------------------------
[Stack trace is empty]
------------------------------------------------------------------------------------------------------------------------
